<?xml version="1.0" encoding="UTF-8"?>
<robot generator="Robot 5.0 (Python 3.10.5 on win32)" generated="20220621 14:04:19.706" rpa="false" schemaversion="3">
<suite id="s1" name="BasicSearch" source="C:\Users\kamil.ponikwia\PycharmProjects\RobotFW\tests\eBay\BasicSearch.robot">
<test id="s1-t1" name="Verify basic search functionality for eBay" line="8">
<kw name="Open Browser" library="SeleniumLibrary">
<arg>http://www.ebay.com</arg>
<arg>chrome</arg>
<doc>Opens a new browser instance to the optional ``url``.</doc>
<msg timestamp="20220621 14:04:20.615" level="INFO">Opening browser 'chrome' to base url 'http://www.ebay.com'.</msg>
<status status="PASS" starttime="20220621 14:04:20.614" endtime="20220621 14:04:24.849"/>
</kw>
<kw name="Input Text" library="SeleniumLibrary">
<arg>//*[@id="gh-ac"]</arg>
<arg>mobile</arg>
<doc>Types the given ``text`` into the text field identified by ``locator``.</doc>
<msg timestamp="20220621 14:04:24.850" level="INFO">Typing text 'mobile' into text field '//*[@id="gh-ac"]'.</msg>
<status status="PASS" starttime="20220621 14:04:24.849" endtime="20220621 14:04:24.979"/>
</kw>
<kw name="Press Keys" library="SeleniumLibrary">
<arg>//*[@id="gh-btn"]</arg>
<arg>[Return]</arg>
<doc>Simulates the user pressing key(s) to an element or on the active browser.</doc>
<msg timestamp="20220621 14:04:24.980" level="INFO">Sending key(s) ('[Return]',) to //*[@id="gh-btn"] element.</msg>
<msg timestamp="20220621 14:04:28.249" level="INFO">Sending keys [Return]</msg>
<status status="PASS" starttime="20220621 14:04:24.979" endtime="20220621 14:04:28.401"/>
</kw>
<kw name="Page Should Contain" library="SeleniumLibrary">
<arg>results for mobile</arg>
<doc>Verifies that current page contains ``text``.</doc>
<msg timestamp="20220621 14:04:28.424" level="INFO">Current page contains text 'results for mobile'.</msg>
<status status="PASS" starttime="20220621 14:04:28.401" endtime="20220621 14:04:28.424"/>
</kw>
<kw name="Close Browser" library="SeleniumLibrary">
<doc>Closes the current browser.</doc>
<status status="PASS" starttime="20220621 14:04:28.424" endtime="20220621 14:04:30.620"/>
</kw>
<doc>This test case verifies the basics search</doc>
<tag>Functional</tag>
<status status="PASS" starttime="20220621 14:04:20.614" endtime="20220621 14:04:30.621"/>
</test>
<doc>BasicSearchFunctionality</doc>
<status status="PASS" starttime="20220621 14:04:19.708" endtime="20220621 14:04:30.623"/>
</suite>
<statistics>
<total>
<stat pass="1" fail="0" skip="0">All Tests</stat>
</total>
<tag>
<stat pass="1" fail="0" skip="0">Functional</stat>
</tag>
<suite>
<stat pass="1" fail="0" skip="0" id="s1" name="BasicSearch">BasicSearch</stat>
</suite>
</statistics>
<errors>
</errors>
</robot>
