<?xml version="1.0" encoding="UTF-8"?>
<robot generator="Robot 5.0 (Python 3.10.5 on win32)" generated="20220621 13:47:49.991" rpa="false" schemaversion="3">
<suite id="s1" name="GoogleSearch" source="C:\Users\kamil.ponikwia\PycharmProjects\RobotFW\Tests\Google\FunctionalTestSuite\GoogleSearch.robot">
<test id="s1-t1" name="This is sample test case" line="7">
<kw name="Open Browser" library="SeleniumLibrary">
<arg>http://google.com</arg>
<arg>chrome</arg>
<doc>Opens a new browser instance to the optional ``url``.</doc>
<msg timestamp="20220621 13:47:50.148" level="INFO">Opening browser 'chrome' to base url 'http://google.com'.</msg>
<status status="PASS" starttime="20220621 13:47:50.148" endtime="20220621 13:47:53.292"/>
</kw>
<kw name="Close Browser" library="SeleniumLibrary">
<doc>Closes the current browser.</doc>
<status status="PASS" starttime="20220621 13:47:53.293" endtime="20220621 13:47:55.430"/>
</kw>
<doc>Google test</doc>
<tag>regression</tag>
<status status="PASS" starttime="20220621 13:47:50.148" endtime="20220621 13:47:55.430"/>
</test>
<status status="PASS" starttime="20220621 13:47:49.991" endtime="20220621 13:47:55.430"/>
</suite>
<statistics>
<total>
<stat pass="1" fail="0" skip="0">All Tests</stat>
</total>
<tag>
<stat pass="1" fail="0" skip="0">regression</stat>
</tag>
<suite>
<stat pass="1" fail="0" skip="0" id="s1" name="GoogleSearch">GoogleSearch</stat>
</suite>
</statistics>
<errors>
</errors>
</robot>
